2026-06-23 21:03:52,190 ERROR Phase 2: batched review JSON parse failed: Expecting property name enclosed in double quotes: line 1 column 2 (char 1)
2026-06-23 22:15:37,303 ERROR Phase 5: verdict NEEDS REWORK but 0 fix issues were routed — refusing to advance to commit with the defect unfixed.
2026-06-23 22:15:37,740 ERROR Cycle 1 (Data Foundations) failed: Phase 5 closure review returned NEEDS REWORK but routed zero fix issues. Known-buggy code must not ship as done. Inspect the phase5 closure log for the required fix and re-run the cycle.. Aborting further cycles.
2026-06-23 22:15:37,742 ERROR Run aborted by unhandled ClosureVerdictUnmet
Traceback (most recent call last):
  File "/Volumes/External SSD/code_generator/src/code_generator/commands/generate.py", line 836, in generate_command
    dispatch_orchestrator(
  File "/Volumes/External SSD/code_generator/src/code_generator/commands/_dispatch.py", line 848, in dispatch_orchestrator
    asyncio.run(
  File "/Users/silviobaratto/anaconda3/envs/nba/lib/python3.12/asyncio/runners.py", line 194, in run
    return runner.run(main)
           ^^^^^^^^^^^^^^^^
  File "/Users/silviobaratto/anaconda3/envs/nba/lib/python3.12/asyncio/runners.py", line 118, in run
    return self._loop.run_until_complete(task)
           ^^^^^^^^^^^^^^^^^^^^^^^^^^^^^^^^^^^
  File "/Users/silviobaratto/anaconda3/envs/nba/lib/python3.12/asyncio/base_events.py", line 687, in run_until_complete
    return future.result()
           ^^^^^^^^^^^^^^^
  File "/Volumes/External SSD/code_generator/src/code_generator/commands/_dispatch.py", line 628, in dispatch_async
    await cycle_loop.run_multi_cycle(
  File "/Volumes/External SSD/code_generator/src/code_generator/orchestrator/cycle_loop.py", line 850, in run_multi_cycle
    await _run_cycle_phases(
  File "/Volumes/External SSD/code_generator/src/code_generator/orchestrator/cycle_loop.py", line 994, in _run_cycle_phases
    await _run_phases(
  File "/Volumes/External SSD/code_generator/src/code_generator/orchestrator/cycle_loop.py", line 502, in _run_phases
    fix_result = await phase5_closure.run(
                 ^^^^^^^^^^^^^^^^^^^^^^^^^
  File "/Volumes/External SSD/code_generator/src/code_generator/orchestrator/phase5_closure.py", line 538, in run
    _guard_dropped_verdict(needs_rework, new_issue_states, logger)
  File "/Volumes/External SSD/code_generator/src/code_generator/orchestrator/phase5_closure.py", line 609, in _guard_dropped_verdict
    raise ClosureVerdictUnmet(
code_generator.orchestrator.phase5_closure.ClosureVerdictUnmet: Phase 5 closure review returned NEEDS REWORK but routed zero fix issues. Known-buggy code must not ship as done. Inspect the phase5 closure log for the required fix and re-run the cycle.
